2023-08-21 16:44:46.265 +05:30 INFO  XOutput.Tools.DependencyEmbedder.CurrentDomain_AssemblyResolve: Loading SharpDX.DirectInput.dll from embedded resources
2023-08-21 16:44:46.398 +05:30 INFO  XOutput.Tools.DependencyEmbedder.CurrentDomain_AssemblyResolve: Loading SharpDX.dll from embedded resources
2023-08-21 16:44:46.555 +05:30 INFO  XOutput.UI.Windows.MainWindow..ctor: Starting XOutput in normal window
2023-08-21 16:44:46.607 +05:30 INFO  XOutput.Tools.DependencyEmbedder.CurrentDomain_AssemblyResolve: Loading Hardcodet.Wpf.TaskbarNotification.dll from embedded resources
2023-08-21 16:44:46.842 +05:30 INFO  XOutput.Tools.DependencyEmbedder.CurrentDomain_AssemblyResolve: Loading Newtonsoft.Json.dll from embedded resources
2023-08-21 16:44:47.118 +05:30 INFO  XOutput.Tools.LanguageManager..ctor: Brazilian Portuguese language is loaded.
2023-08-21 16:44:47.119 +05:30 INFO  XOutput.Tools.LanguageManager..ctor: English language is loaded.
2023-08-21 16:44:47.119 +05:30 INFO  XOutput.Tools.LanguageManager..ctor: French language is loaded.
2023-08-21 16:44:47.119 +05:30 INFO  XOutput.Tools.LanguageManager..ctor: German language is loaded.
2023-08-21 16:44:47.119 +05:30 INFO  XOutput.Tools.LanguageManager..ctor: Greek language is loaded.
2023-08-21 16:44:47.119 +05:30 INFO  XOutput.Tools.LanguageManager..ctor: Hungarian language is loaded.
2023-08-21 16:44:47.120 +05:30 INFO  XOutput.Tools.LanguageManager..ctor: Russian language is loaded.
2023-08-21 16:44:47.120 +05:30 INFO  XOutput.Tools.LanguageManager..ctor: Simplified Chinese language is loaded.
2023-08-21 16:44:47.120 +05:30 INFO  XOutput.Tools.LanguageManager..ctor: Spanish language is loaded.
2023-08-21 16:44:47.121 +05:30 INFO  XOutput.Tools.LanguageManager.set_Language: Language is set to English
2023-08-21 16:44:47.250 +05:30 INFO  XOutput.UI.Windows.MainWindowViewModel.Initialize: Loading settings was successful.
2023-08-21 16:44:47.251 +05:30 INFO  XOutput.Tools.DependencyEmbedder.CurrentDomain_AssemblyResolve: Loading Nefarius.ViGEm.Client.dll from embedded resources
2023-08-21 16:44:47.578 +05:30 INFO  XOutput.Devices.Input.DirectInput.DirectDevice..ctor:  USB Gamepad           1feacc40-ce8f-11ed-8004-444553540000
2023-08-21 16:44:47.599 +05:30 INFO  XOutput.Devices.Input.DirectInput.DirectDevice..ctor: {
Properties: {
  AutoCenter: Exception has been thrown by the target of an invocation.
  AxisMode: Absolute
  BufferSize: 128
  ClassGuid: 745a17a0-74d3-11d0-b6fe-00a0c90f57da
  DeadZone: Exception has been thrown by the target of an invocation.
  ForceFeedbackGain: 10000
  Granularity: Exception has been thrown by the target of an invocation.
  InstanceName:  USB Gamepad          
  InterfacePath: \\?\hid#vid_0810&pid_0001#6&3183236e&0&0000#{4d1e55b2-f16f-11cf-88cb-001111000030}
  JoystickId: 0
  MemoryLoad: Exception has been thrown by the target of an invocation.
  PortDisplayName: Exception has been thrown by the target of an invocation.
  ProductId: 1
  ProductName:  USB Gamepad          
  Range: Exception has been thrown by the target of an invocation.
  Saturation: Exception has been thrown by the target of an invocation.
  TypeName: Exception has been thrown by the target of an invocation.
  UserName: Exception has been thrown by the target of an invocation.
  VendorId: 2064
}
CreatedEffects: [
]
Capabilities: {
  Type: Joystick
  Subtype: 258
  IsHumanInterfaceDevice: True
  Flags: Attached, Emulated
  AxeCount: 4
  ButtonCount: 12
  PovCount: 1
  ForceFeedbackSamplePeriod: 0
  ForceFeedbackMinimumTimeResolution: 0
  FirmwareRevision: 0
  HardwareRevision: 0
  DriverVersion: 0
}
Information: {
  Type: Joystick
  Subtype: 258
  IsHumanInterfaceDevice: True
  InstanceGuid: 1feacc40-ce8f-11ed-8004-444553540000
  ProductGuid: 00010810-0000-0000-0000-504944564944
  InstanceName:  USB Gamepad          
  ProductName:  USB Gamepad          
  ForceFeedbackDriverGuid: 00000000-0000-0000-0000-000000000000
  UsagePage: Generic
  Usage: LedCompose
}
Tag: null
NativePointer: 2157439980344
IsDisposed: False
}
2023-08-21 16:44:47.601 +05:30 INFO  XOutput.Devices.Input.DirectInput.DirectDevice..ctor: [
  ObjectType: a36d02e1-c9f3-11cf-bfc7-444553540000
  Offset: 0
  ObjectId: Flags: AbsoluteAxis InstanceNumber: 1 RawId: 0x00000102
  Aspect: Position
  Name: Y Axis
  MaximumForceFeedback: 0
  ForceFeedbackResolution: 0
  CollectionNumber: 1
  DesignatorIndex: 0
  UsagePage: 1
  Usage: 49
  Dimension: 0
  Exponent: 0
  ReportId: 1
  ,
  ObjectType: a36d02e0-c9f3-11cf-bfc7-444553540000
  Offset: 4
  ObjectId: Flags: AbsoluteAxis InstanceNumber: 0 RawId: 0x00000002
  Aspect: Position
  Name: X Axis
  MaximumForceFeedback: 0
  ForceFeedbackResolution: 0
  CollectionNumber: 1
  DesignatorIndex: 0
  UsagePage: 1
  Usage: 48
  Dimension: 0
  Exponent: 0
  ReportId: 1
  ,
  ObjectType: a36d02e2-c9f3-11cf-bfc7-444553540000
  Offset: 8
  ObjectId: Flags: AbsoluteAxis InstanceNumber: 2 RawId: 0x00000202
  Aspect: Position
  Name: Z Axis
  MaximumForceFeedback: 0
  ForceFeedbackResolution: 0
  CollectionNumber: 1
  DesignatorIndex: 0
  UsagePage: 1
  Usage: 50
  Dimension: 0
  Exponent: 0
  ReportId: 1
  ,
  ObjectType: a36d02e3-c9f3-11cf-bfc7-444553540000
  Offset: 12
  ObjectId: Flags: AbsoluteAxis InstanceNumber: 5 RawId: 0x00000502
  Aspect: Position
  Name: Z Rotation
  MaximumForceFeedback: 0
  ForceFeedbackResolution: 0
  CollectionNumber: 1
  DesignatorIndex: 0
  UsagePage: 1
  Usage: 53
  Dimension: 0
  Exponent: 0
  ReportId: 1
  ,
  ObjectType: a36d02f2-c9f3-11cf-bfc7-444553540000
  Offset: 16
  ObjectId: Flags: PointOfViewController InstanceNumber: 0 RawId: 0x00000010
  Aspect: Position
  Name: Hat Switch
  MaximumForceFeedback: 0
  ForceFeedbackResolution: 0
  CollectionNumber: 1
  DesignatorIndex: 0
  UsagePage: 1
  Usage: 57
  Dimension: 20
  Exponent: 0
  ReportId: 1
  ,
  ObjectType: a36d02f0-c9f3-11cf-bfc7-444553540000
  Offset: 24
  ObjectId: Flags: PushButton InstanceNumber: 0 RawId: 0x00000004
  Aspect: 0
  Name: Button 0
  MaximumForceFeedback: 0
  ForceFeedbackResolution: 0
  CollectionNumber: 1
  DesignatorIndex: 0
  UsagePage: 9
  Usage: 1
  Dimension: 0
  Exponent: 0
  ReportId: 1
  ,
  ObjectType: a36d02f0-c9f3-11cf-bfc7-444553540000
  Offset: 25
  ObjectId: Flags: PushButton InstanceNumber: 1 RawId: 0x00000104
  Aspect: 0
  Name: Button 1
  MaximumForceFeedback: 0
  ForceFeedbackResolution: 0
  CollectionNumber: 1
  DesignatorIndex: 0
  UsagePage: 9
  Usage: 2
  Dimension: 0
  Exponent: 0
  ReportId: 1
  ,
  ObjectType: a36d02f0-c9f3-11cf-bfc7-444553540000
  Offset: 26
  ObjectId: Flags: PushButton InstanceNumber: 2 RawId: 0x00000204
  Aspect: 0
  Name: Button 2
  MaximumForceFeedback: 0
  ForceFeedbackResolution: 0
  CollectionNumber: 1
  DesignatorIndex: 0
  UsagePage: 9
  Usage: 3
  Dimension: 0
  Exponent: 0
  ReportId: 1
  ,
  ObjectType: a36d02f0-c9f3-11cf-bfc7-444553540000
  Offset: 27
  ObjectId: Flags: PushButton InstanceNumber: 3 RawId: 0x00000304
  Aspect: 0
  Name: Button 3
  MaximumForceFeedback: 0
  ForceFeedbackResolution: 0
  CollectionNumber: 1
  DesignatorIndex: 0
  UsagePage: 9
  Usage: 4
  Dimension: 0
  Exponent: 0
  ReportId: 1
  ,
  ObjectType: a36d02f0-c9f3-11cf-bfc7-444553540000
  Offset: 28
  ObjectId: Flags: PushButton InstanceNumber: 4 RawId: 0x00000404
  Aspect: 0
  Name: Button 4
  MaximumForceFeedback: 0
  ForceFeedbackResolution: 0
  CollectionNumber: 1
  DesignatorIndex: 0
  UsagePage: 9
  Usage: 5
  Dimension: 0
  Exponent: 0
  ReportId: 1
  ,
  ObjectType: a36d02f0-c9f3-11cf-bfc7-444553540000
  Offset: 29
  ObjectId: Flags: PushButton InstanceNumber: 5 RawId: 0x00000504
  Aspect: 0
  Name: Button 5
  MaximumForceFeedback: 0
  ForceFeedbackResolution: 0
  CollectionNumber: 1
  DesignatorIndex: 0
  UsagePage: 9
  Usage: 6
  Dimension: 0
  Exponent: 0
  ReportId: 1
  ,
  ObjectType: a36d02f0-c9f3-11cf-bfc7-444553540000
  Offset: 30
  ObjectId: Flags: PushButton InstanceNumber: 6 RawId: 0x00000604
  Aspect: 0
  Name: Button 6
  MaximumForceFeedback: 0
  ForceFeedbackResolution: 0
  CollectionNumber: 1
  DesignatorIndex: 0
  UsagePage: 9
  Usage: 7
  Dimension: 0
  Exponent: 0
  ReportId: 1
  ,
  ObjectType: a36d02f0-c9f3-11cf-bfc7-444553540000
  Offset: 31
  ObjectId: Flags: PushButton InstanceNumber: 7 RawId: 0x00000704
  Aspect: 0
  Name: Button 7
  MaximumForceFeedback: 0
  ForceFeedbackResolution: 0
  CollectionNumber: 1
  DesignatorIndex: 0
  UsagePage: 9
  Usage: 8
  Dimension: 0
  Exponent: 0
  ReportId: 1
  ,
  ObjectType: a36d02f0-c9f3-11cf-bfc7-444553540000
  Offset: 32
  ObjectId: Flags: PushButton InstanceNumber: 8 RawId: 0x00000804
  Aspect: 0
  Name: Button 8
  MaximumForceFeedback: 0
  ForceFeedbackResolution: 0
  CollectionNumber: 1
  DesignatorIndex: 0
  UsagePage: 9
  Usage: 9
  Dimension: 0
  Exponent: 0
  ReportId: 1
  ,
  ObjectType: a36d02f0-c9f3-11cf-bfc7-444553540000
  Offset: 33
  ObjectId: Flags: PushButton InstanceNumber: 9 RawId: 0x00000904
  Aspect: 0
  Name: Button 9
  MaximumForceFeedback: 0
  ForceFeedbackResolution: 0
  CollectionNumber: 1
  DesignatorIndex: 0
  UsagePage: 9
  Usage: 10
  Dimension: 0
  Exponent: 0
  ReportId: 1
  ,
  ObjectType: a36d02f0-c9f3-11cf-bfc7-444553540000
  Offset: 34
  ObjectId: Flags: PushButton InstanceNumber: 10 RawId: 0x00000A04
  Aspect: 0
  Name: Button 10
  MaximumForceFeedback: 0
  ForceFeedbackResolution: 0
  CollectionNumber: 1
  DesignatorIndex: 0
  UsagePage: 9
  Usage: 11
  Dimension: 0
  Exponent: 0
  ReportId: 1
  ,
  ObjectType: a36d02f0-c9f3-11cf-bfc7-444553540000
  Offset: 35
  ObjectId: Flags: PushButton InstanceNumber: 11 RawId: 0x00000B04
  Aspect: 0
  Name: Button 11
  MaximumForceFeedback: 0
  ForceFeedbackResolution: 0
  CollectionNumber: 1
  DesignatorIndex: 0
  UsagePage: 9
  Usage: 12
  Dimension: 0
  Exponent: 0
  ReportId: 1
  ,
  ObjectType: a36d02f3-c9f3-11cf-bfc7-444553540000
  Offset: 0
  ObjectId: Flags: Collection, NoData InstanceNumber: 0 RawId: 0x000000C0
  Aspect: 0
  Name: Collection 0 - Joystick
  MaximumForceFeedback: 0
  ForceFeedbackResolution: 0
  CollectionNumber: 0
  DesignatorIndex: 0
  UsagePage: 1
  Usage: 4
  Dimension: 0
  Exponent: 0
  ReportId: 0
  ,
  ObjectType: a36d02f3-c9f3-11cf-bfc7-444553540000
  Offset: 0
  ObjectId: Flags: Collection, NoData InstanceNumber: 1 RawId: 0x000001C0
  Aspect: 0
  Name: Collection 1
  MaximumForceFeedback: 0
  ForceFeedbackResolution: 0
  CollectionNumber: 0
  DesignatorIndex: 0
  UsagePage: 1
  Usage: 0
  Dimension: 0
  Exponent: 0
  ReportId: 0
  ,
]
2023-08-21 16:44:47.601 +05:30 INFO  XOutput.Devices.Input.DirectInput.DirectDevice..ctor:   Y Axis Flags: AbsoluteAxis InstanceNumber: 1 RawId: 0x00000102 offset: 0 objecttype: a36d02e1-c9f3-11cf-bfc7-444553540000 49
2023-08-21 16:44:47.601 +05:30 INFO  XOutput.Devices.Input.DirectInput.DirectDevice..ctor:   X Axis Flags: AbsoluteAxis InstanceNumber: 0 RawId: 0x00000002 offset: 4 objecttype: a36d02e0-c9f3-11cf-bfc7-444553540000 48
2023-08-21 16:44:47.601 +05:30 INFO  XOutput.Devices.Input.DirectInput.DirectDevice..ctor:   Z Axis Flags: AbsoluteAxis InstanceNumber: 2 RawId: 0x00000202 offset: 8 objecttype: a36d02e2-c9f3-11cf-bfc7-444553540000 50
2023-08-21 16:44:47.601 +05:30 INFO  XOutput.Devices.Input.DirectInput.DirectDevice..ctor:   Z Rotation Flags: AbsoluteAxis InstanceNumber: 5 RawId: 0x00000502 offset: 12 objecttype: a36d02e3-c9f3-11cf-bfc7-444553540000 53
2023-08-21 16:44:47.602 +05:30 INFO  XOutput.Devices.Input.DirectInput.DirectDevice..ctor:   Hat Switch Flags: PointOfViewController InstanceNumber: 0 RawId: 0x00000010 offset: 16 objecttype: a36d02f2-c9f3-11cf-bfc7-444553540000 57
2023-08-21 16:44:47.602 +05:30 INFO  XOutput.Devices.Input.DirectInput.DirectDevice..ctor:   Button 0 Flags: PushButton InstanceNumber: 0 RawId: 0x00000004 offset: 24 objecttype: a36d02f0-c9f3-11cf-bfc7-444553540000 1
2023-08-21 16:44:47.602 +05:30 INFO  XOutput.Devices.Input.DirectInput.DirectDevice..ctor:   Button 1 Flags: PushButton InstanceNumber: 1 RawId: 0x00000104 offset: 25 objecttype: a36d02f0-c9f3-11cf-bfc7-444553540000 2
2023-08-21 16:44:47.602 +05:30 INFO  XOutput.Devices.Input.DirectInput.DirectDevice..ctor:   Button 2 Flags: PushButton InstanceNumber: 2 RawId: 0x00000204 offset: 26 objecttype: a36d02f0-c9f3-11cf-bfc7-444553540000 3
2023-08-21 16:44:47.602 +05:30 INFO  XOutput.Devices.Input.DirectInput.DirectDevice..ctor:   Button 3 Flags: PushButton InstanceNumber: 3 RawId: 0x00000304 offset: 27 objecttype: a36d02f0-c9f3-11cf-bfc7-444553540000 4
2023-08-21 16:44:47.602 +05:30 INFO  XOutput.Devices.Input.DirectInput.DirectDevice..ctor:   Button 4 Flags: PushButton InstanceNumber: 4 RawId: 0x00000404 offset: 28 objecttype: a36d02f0-c9f3-11cf-bfc7-444553540000 5
2023-08-21 16:44:47.602 +05:30 INFO  XOutput.Devices.Input.DirectInput.DirectDevice..ctor:   Button 5 Flags: PushButton InstanceNumber: 5 RawId: 0x00000504 offset: 29 objecttype: a36d02f0-c9f3-11cf-bfc7-444553540000 6
2023-08-21 16:44:47.602 +05:30 INFO  XOutput.Devices.Input.DirectInput.DirectDevice..ctor:   Button 6 Flags: PushButton InstanceNumber: 6 RawId: 0x00000604 offset: 30 objecttype: a36d02f0-c9f3-11cf-bfc7-444553540000 7
2023-08-21 16:44:47.602 +05:30 INFO  XOutput.Devices.Input.DirectInput.DirectDevice..ctor:   Button 7 Flags: PushButton InstanceNumber: 7 RawId: 0x00000704 offset: 31 objecttype: a36d02f0-c9f3-11cf-bfc7-444553540000 8
2023-08-21 16:44:47.602 +05:30 INFO  XOutput.Devices.Input.DirectInput.DirectDevice..ctor:   Button 8 Flags: PushButton InstanceNumber: 8 RawId: 0x00000804 offset: 32 objecttype: a36d02f0-c9f3-11cf-bfc7-444553540000 9
2023-08-21 16:44:47.602 +05:30 INFO  XOutput.Devices.Input.DirectInput.DirectDevice..ctor:   Button 9 Flags: PushButton InstanceNumber: 9 RawId: 0x00000904 offset: 33 objecttype: a36d02f0-c9f3-11cf-bfc7-444553540000 10
2023-08-21 16:44:47.603 +05:30 INFO  XOutput.Devices.Input.DirectInput.DirectDevice..ctor:   Button 10 Flags: PushButton InstanceNumber: 10 RawId: 0x00000A04 offset: 34 objecttype: a36d02f0-c9f3-11cf-bfc7-444553540000 11
2023-08-21 16:44:47.603 +05:30 INFO  XOutput.Devices.Input.DirectInput.DirectDevice..ctor:   Button 11 Flags: PushButton InstanceNumber: 11 RawId: 0x00000B04 offset: 35 objecttype: a36d02f0-c9f3-11cf-bfc7-444553540000 12
2023-08-21 16:44:47.603 +05:30 INFO  XOutput.Devices.Input.DirectInput.DirectDevice..ctor:   Collection 0 - Joystick Flags: Collection, NoData InstanceNumber: 0 RawId: 0x000000C0 offset: 0 objecttype: a36d02f3-c9f3-11cf-bfc7-444553540000 4
2023-08-21 16:44:47.603 +05:30 INFO  XOutput.Devices.Input.DirectInput.DirectDevice..ctor:   Collection 1 Flags: Collection, NoData InstanceNumber: 1 RawId: 0x000001C0 offset: 0 objecttype: a36d02f3-c9f3-11cf-bfc7-444553540000 0
2023-08-21 16:44:47.661 +05:30 INFO  XOutput.Devices.GameController.CreateXOutput: ViGEm devices are used.
2023-08-21 16:44:47.706 +05:30 INFO  XOutput.Devices.GameController.Start: Emulation started on Controller.
2023-08-21 16:44:47.706 +05:30 INFO  XOutput.Devices.GameController.Start: Force feedback mapping is connected on Controller.
2023-08-21 16:44:47.707 +05:30 INFO  XOutput.UI.Windows.MainWindowViewModel.AddController: Controller controller is started automatically.
2023-08-21 16:44:47.707 +05:30 INFO  XOutput.UI.Windows.MainWindowViewModel.Initialize: Keyboard controller is connected
2023-08-21 16:44:47.713 +05:30 INFO  XOutput.UI.Windows.MainWindow.Initialize: The application has started.
2023-08-21 16:44:47.918 +05:30 WARN  XOutput.UI.Windows.MainWindowViewModel.VersionCompare: Failed to check latest version
2023-08-21 17:28:56.230 +05:30 INFO  XOutput.Devices.GameController.Stop: Force feedback mapping is disconnected on Controller.
2023-08-21 17:28:56.230 +05:30 INFO  XOutput.Devices.GameController.Stop: Emulation stopped on Controller.
2023-08-21 17:28:56.230 +05:30 INFO  XOutput.UI.Windows.MainWindow.WindowClosed: The application will exit.
